<?xml version="1.0" encoding="UTF-8"?>
<!-- Generated by org.testng.reporters.JUnitReportReporter -->
<testsuite skipped="0" hostname="SYSTEM-C205" name="ApiTests.Beta_Website_Search_Chrome_Api" tests="1" failures="0" timestamp="2019-10-15T17:28:03 IST" time="1.517" errors="0">
  <testcase name="Verify_Beta_Website_Search_Chrome_Api" time="1.517" classname="ApiTests.Beta_Website_Search_Chrome_Api"/>
</testsuite> <!-- ApiTests.Beta_Website_Search_Chrome_Api -->
