<?xml version="1.0" encoding="UTF-8"?>
<!-- Generated by org.testng.reporters.JUnitReportReporter -->
<testsuite skipped="0" hostname="SYSTEM-C205" name="ApiTests.Beta_Domain_Details_Api" tests="1" failures="0" timestamp="2019-10-15T17:56:24 IST" time="1.396" errors="0">
  <testcase name="VerifyBeta_Domain_Details_Api" time="1.396" classname="ApiTests.Beta_Domain_Details_Api"/>
</testsuite> <!-- ApiTests.Beta_Domain_Details_Api -->
