<?xml version="1.0" encoding="UTF-8"?>
<!-- Generated by org.testng.reporters.JUnitReportReporter -->
<testsuite skipped="0" hostname="SYSTEM-C205" name="ApiTests.Beta_Check_Availability_Api" tests="1" failures="0" timestamp="2019-10-15T17:56:31 IST" time="1.401" errors="0">
  <testcase name="verifyBeta_Check_Availability_Api" time="1.401" classname="ApiTests.Beta_Check_Availability_Api"/>
</testsuite> <!-- ApiTests.Beta_Check_Availability_Api -->
