<?xml version="1.0" encoding="UTF-8"?>
<!-- Generated by org.testng.reporters.JUnitReportReporter -->
<testsuite skipped="0" hostname="SYSTEM-C205" name="ApiTests.Fb_Element_Search_Api" tests="1" failures="0" timestamp="2019-10-15T17:33:55 IST" time="1.510" errors="0">
  <testcase name="Verify_Fb_Element_Search_Api" time="1.510" classname="ApiTests.Fb_Element_Search_Api"/>
</testsuite> <!-- ApiTests.Fb_Element_Search_Api -->
