<?xml version="1.0" encoding="UTF-8"?>
<!-- Generated by org.testng.reporters.JUnitReportReporter -->
<testsuite hostname="SYSTEM-C206" name="testcases.LoginPageTest" tests="3" failures="0" timestamp="23 Sep 2019 10:14:57 GMT" time="36.878" errors="0">
  <testcase name="HrmsLogoTest" time="7.649" classname="testcases.LoginPageTest"/>
  <testcase name="loginTest" time="19.472" classname="testcases.LoginPageTest"/>
  <testcase name="loginpageTitleTest" time="9.757" classname="testcases.LoginPageTest"/>
</testsuite> <!-- testcases.LoginPageTest -->
