<?xml version="1.0" encoding="UTF-8"?>
<!-- Generated by org.testng.reporters.JUnitReportReporter -->
<testsuite skipped="0" hostname="SYSTEM-C206" name="SeleniumModules.DragAndDrop" tests="3" failures="0" timestamp="20 Aug 2019 13:38:03 GMT" time="20.332" errors="0">
  <testcase name="usingclickandHold" time="13.938" classname="SeleniumModules.DragAndDrop"/>
  <testcase name="usingXYcordinates" time="4.032" classname="SeleniumModules.DragAndDrop"/>
  <testcase name="draganddrop" time="2.362" classname="SeleniumModules.DragAndDrop"/>
</testsuite> <!-- SeleniumModules.DragAndDrop -->
