<?xml version="1.0" encoding="UTF-8"?>
<!-- Generated by org.testng.reporters.JUnitReportReporter -->
<testsuite skipped="0" hostname="SYSTEM-C205" name="SeleniumModules.TestNaukri" tests="1" failures="0" timestamp="10 Oct 2019 10:27:24 GMT" time="33.232" errors="0">
  <testcase name="TestPopUp" time="33.232" classname="SeleniumModules.TestNaukri"/>
</testsuite> <!-- SeleniumModules.TestNaukri -->
