<?xml version="1.0" encoding="UTF-8"?>
<!-- Generated by org.testng.reporters.JUnitReportReporter -->
<testsuite skipped="0" hostname="SYSTEM-C206" name="SeleniumModules.Dropdowbox" tests="1" failures="0" timestamp="12 Aug 2019 08:27:54 GMT" time="0.551" errors="0">
  <testcase name="Get_all_options_from_dropdown" time="0.551" classname="SeleniumModules.Dropdowbox"/>
</testsuite> <!-- SeleniumModules.Dropdowbox -->
