<?xml version="1.0" encoding="UTF-8"?>
<!-- Generated by org.testng.reporters.JUnitReportReporter -->
<testsuite skipped="0" hostname="SYSTEM-C206" name="SeleniumModules.Dropdownbox" tests="5" failures="0" timestamp="22 Aug 2019 12:07:07 GMT" time="1.071" errors="0">
  <testcase name="select_by_visibletext" time="0.085" classname="SeleniumModules.Dropdownbox"/>
  <testcase name="Get_all_options_from_dropdown" time="0.616" classname="SeleniumModules.Dropdownbox"/>
  <testcase name="Get_first_selected_option_from_dropdown" time="0.145" classname="SeleniumModules.Dropdownbox"/>
  <testcase name="select_by_index" time="0.128" classname="SeleniumModules.Dropdownbox"/>
  <testcase name="select_by_value" time="0.097" classname="SeleniumModules.Dropdownbox"/>
</testsuite> <!-- SeleniumModules.Dropdownbox -->
